app/build/outputs/logs/manifest-merger-debug-report.txt
-- Merging decision tree log ---
manifest
ADDED from src\main\AndroidManifest.xml:22:1-2846:12
INJECTED from src\main\AndroidManifest.xml:22:1-2846:12
INJECTED from src\main\AndroidManifest.xml:22:1-2846:12
	package
		ADDED from src\main\AndroidManifest.xml:23:5-39
		INJECTED from src\main\AndroidManifest.xml
		INJECTED from src\main\AndroidManifest.xml
	xmlns:android
		ADDED from src\main\AndroidManifest.xml:22:11-69
uses-permission#android.permission.READ_CONTACTS
ADDED from src\main\AndroidManifest.xml:25:5-72
	android:name
		ADDED from src\main\AndroidManifest.xml:25:22-69
uses-permission#android.permission.WRITE_CONTACTS
ADDED from src\main\AndroidManifest.xml:26:5-73
	android:name
		ADDED from src\main\AndroidManifest.xml:26:22-70
uses-permission#android.permission.VIBRATE
ADDED from src\main\AndroidManifest.xml:27:5-66
	android:name
		ADDED from src\main\AndroidManifest.xml:27:22-63
uses-permission#android.permission.ACCESS_COARSE_LOCATION
ADDED from src\main\AndroidManifest.xml:28:5-81
	android:name
		ADDED from src\main\AndroidManifest.xml:28:22-78
uses-permission#android.permission.INTERNET
ADDED from src\main\AndroidManifest.xml:29:5-67
	android:name
		ADDED from src\main\AndroidManifest.xml:29:22-64
uses-permission#android.permission.SET_WALLPAPER
ADDED from src\main\AndroidManifest.xml:30:5-72
	android:name
		ADDED from src\main\AndroidManifest.xml:30:22-69
uses-permission#android.permission.WRITE_EXTERNAL_STORAGE
ADDED from src\main\AndroidManifest.xml:31:5-81
	android:name
		ADDED from src\main\AndroidManifest.xml:31:22-78
uses-permission#android.permission.SEND_SMS
ADDED from src\main\AndroidManifest.xml:32:5-67
	android:name
		ADDED from src\main\AndroidManifest.xml:32:22-64
uses-permission#android.permission.RECEIVE_SMS
ADDED from src\main\AndroidManifest.xml:33:5-70
	android:name
		ADDED from src\main\AndroidManifest.xml:33:22-67
uses-permission#android.permission.NFC
ADDED from src\main\AndroidManifest.xml:34:5-62
	android:name
		ADDED from src\main\AndroidManifest.xml:34:22-59
uses-permission#android.permission.RECORD_AUDIO
ADDED from src\main\AndroidManifest.xml:37:5-71
	android:name
		ADDED from src\main\AndroidManifest.xml:37:22-68
uses-sdk
ADDED from src\main\AndroidManifest.xml:39:5-73
INJECTED from src\main\AndroidManifest.xml:39:5-73
INJECTED from src\main\AndroidManifest.xml:39:5-73
INJECTED from src\main\AndroidManifest.xml:39:5-73
INJECTED from src\main\AndroidManifest.xml:39:5-73
	android:targetSdkVersion
		ADDED from src\main\AndroidManifest.xml:39:41-70
		INJECTED from src\main\AndroidManifest.xml
		INJECTED from src\main\AndroidManifest.xml
	android:minSdkVersion
		ADDED from src\main\AndroidManifest.xml:39:15-40
		INJECTED from src\main\AndroidManifest.xml
		INJECTED from src\main\AndroidManifest.xml
uses-permission#android.permission.CAMERA
ADDED from src\main\AndroidManifest.xml:43:5-65
	android:name
		ADDED from src\main\AndroidManifest.xml:43:22-62
uses-feature#android.hardware.camera
ADDED from src\main\AndroidManifest.xml:44:5-60
	android:name
		ADDED from src\main\AndroidManifest.xml:44:19-57
uses-feature#android.hardware.camera.autofocus
ADDED from src\main\AndroidManifest.xml:45:5-95
	android:required
		ADDED from src\main\AndroidManifest.xml:45:68-92
	android:name
		ADDED from src\main\AndroidManifest.xml:45:19-67
application
ADDED from src\main\AndroidManifest.xml:47:5-2840:19
	android:supportsRtl
		ADDED from src\main\AndroidManifest.xml:51:13-39
	android:label
		ADDED from src\main\AndroidManifest.xml:48:13-57
	android:hardwareAccelerated
		ADDED from src\main\AndroidManifest.xml:50:13-47
	android:icon
		ADDED from src\main\AndroidManifest.xml:49:13-53
	android:name
		ADDED from src\main\AndroidManifest.xml:47:18-52
uses-library#com.example.will.never.exist
ADDED from src\main\AndroidManifest.xml:55:9-94
	android:required
		ADDED from src\main\AndroidManifest.xml:55:67-91
	android:name
		ADDED from src\main\AndroidManifest.xml:55:23-66
activity#com.example.android.apis.ApiDemos
ADDED from src\main\AndroidManifest.xml:57:9-63:20
	android:name
		ADDED from src\main\AndroidManifest.xml:57:19-42
intent-filter#action:name:android.intent.action.MAIN+category:name:android.intent.category.DEFAULT+category:name:android.intent.category.LAUNCHER
ADDED from src\main\AndroidManifest.xml:58:13-62:29
action#android.intent.action.MAIN
ADDED from src\main\AndroidManifest.xml:59:17-69
	android:name
		ADDED from src\main\AndroidManifest.xml:59:25-66
category#android.intent.category.DEFAULT
ADDED from src\main\AndroidManifest.xml:60:17-76
	android:name
		ADDED from src\main\AndroidManifest.xml:60:27-73
category#android.intent.category.LAUNCHER
ADDED from src\main\AndroidManifest.xml:61:17-77
	android:name
		ADDED from src\main\AndroidManifest.xml:61:27-74
activity#com.example.android.apis.app.HelloWorld
ADDED from src\main\AndroidManifest.xml:71:9-76:20
	android:label
		ADDED from src\main\AndroidManifest.xml:71:50-94
	android:name
		ADDED from src\main\AndroidManifest.xml:71:19-49
intent-filter#action:name:android.intent.action.MAIN+category:name:android.intent.category.SAMPLE_CODE
ADDED from src\main\AndroidManifest.xml:72:13-75:29
category#android.intent.category.SAMPLE_CODE
ADDED from src\main\AndroidManifest.xml:74:17-80
	android:name
		ADDED from src\main\AndroidManifest.xml:74:27-77
activity#com.example.android.apis.app.DialogActivity
ADDED from src\main\AndroidManifest.xml:78:9-85:20
	android:label
		ADDED from src\main\AndroidManifest.xml:79:17-56
	android:theme
		ADDED from src\main\AndroidManifest.xml:80:17-65
	android:name
		ADDED from src\main\AndroidManifest.xml:78:19-53
activity#com.example.android.apis.app.CustomDialogActivity
ADDED from src\main\AndroidManifest.xml:87:9-94:20
	android:label
		ADDED from src\main\AndroidManifest.xml:88:17-63
	android:theme
		ADDED from src\main\AndroidManifest.xml:89:17-58
	android:name
		ADDED from src\main\AndroidManifest.xml:87:19-59
activity#com.example.android.apis.app.QuickContactsDemo
ADDED from src\main\AndroidManifest.xml:96:8-102:20
	android:label
		ADDED from src\main\AndroidManifest.xml:97:17-60
	android:name
		ADDED from src\main\AndroidManifest.xml:96:18-55
activity#com.example.android.apis.app.WallpaperActivity
ADDED from src\main\AndroidManifest.xml:104:9-111:20
	android:label
		ADDED from src\main\AndroidManifest.xml:105:17-59
	android:theme
		ADDED from src\main\AndroidManifest.xml:106:17-55
	android:name
		ADDED from src\main\AndroidManifest.xml:104:19-56
activity#com.example.android.apis.app.TranslucentActivity
ADDED from src\main\AndroidManifest.xml:113:9-120:20
	android:label
		ADDED from src\main\AndroidManifest.xml:114:17-61
	android:theme
		ADDED from src\main\AndroidManifest.xml:115:17-57
	android:name
		ADDED from src\main\AndroidManifest.xml:113:19-58
activity#com.example.android.apis.app.TranslucentBlurActivity
ADDED from src\main\AndroidManifest.xml:122:9-129:20
	android:label
		ADDED from src\main\AndroidManifest.xml:123:17-66
	android:theme
		ADDED from src\main\AndroidManifest.xml:124:17-57
	android:name
		ADDED from src\main\AndroidManifest.xml:122:19-62
activity#com.example.android.apis.app.Animation
ADDED from src\main\AndroidManifest.xml:131:9-136:20
	android:label
		ADDED from src\main\AndroidManifest.xml:131:49-91
	android:name
		ADDED from src\main\AndroidManifest.xml:131:19-48
activity#com.example.android.apis.app.SaveRestoreState
ADDED from src\main\AndroidManifest.xml:138:9-145:20
	android:label
		ADDED from src\main\AndroidManifest.xml:139:17-62
	android:windowSoftInputMode
		ADDED from src\main\AndroidManifest.xml:140:17-72
	android:name
		ADDED from src\main\AndroidManifest.xml:138:19-55
activity#com.example.android.apis.app.PersistentState
ADDED from src\main\AndroidManifest.xml:147:9-154:20
	android:label
		ADDED from src\main\AndroidManifest.xml:148:17-60
	android:windowSoftInputMode
		ADDED from src\main\AndroidManifest.xml:149:17-72
	android:name
		ADDED from src\main\AndroidManifest.xml:147:19-54
activity#com.example.android.apis.app.ActivityRecreate
ADDED from src\main\AndroidManifest.xml:156:9-163:20
	android:enabled
		ADDED from src\main\AndroidManifest.xml:158:17-57
	android:label
		ADDED from src\main\AndroidManifest.xml:157:17-58
	android:name
		ADDED from src\main\AndroidManifest.xml:156:19-55
activity#com.example.android.apis.app.FinishAffinity
ADDED from src\main\AndroidManifest.xml:165:9-173:20
	android:enabled
		ADDED from src\main\AndroidManifest.xml:168:17-57
	android:label
		ADDED from src\main\AndroidManifest.xml:166:17-65
	android:taskAffinity
		ADDED from src\main\AndroidManifest.xml:167:17-50
	android:name
		ADDED from src\main\AndroidManifest.xml:165:19-53
activity#com.example.android.apis.app.SoftInputModes
ADDED from src\main\AndroidManifest.xml:175:9-181:20
	android:label
		ADDED from src\main\AndroidManifest.xml:176:17-57
	android:name
		ADDED from src\main\AndroidManifest.xml:175:19-53
activity#com.example.android.apis.app.ReceiveResult
ADDED from src\main\AndroidManifest.xml:183:9-188:20
	android:label
		ADDED from src\main\AndroidManifest.xml:183:53-100
	android:name
		ADDED from src\main\AndroidManifest.xml:183:19-52
activity#com.example.android.apis.app.SendResult
ADDED from src\main\AndroidManifest.xml:190:9-192:20
	android:theme
		ADDED from src\main\AndroidManifest.xml:191:17-60
	android:name
		ADDED from src\main\AndroidManifest.xml:190:19-49
activity#com.example.android.apis.app.Forwarding
ADDED from src\main\AndroidManifest.xml:194:9-199:20
	android:label
		ADDED from src\main\AndroidManifest.xml:194:50-93
	android:name
		ADDED from src\main\AndroidManifest.xml:194:19-49
activity#com.example.android.apis.app.ForwardTarget
ADDED from src\main\AndroidManifest.xml:201:9-202:20
	android:name
		ADDED from src\main\AndroidManifest.xml:201:19-52
activity#com.example.android.apis.app.RedirectEnter
ADDED from src\main\AndroidManifest.xml:204:9-209:20
	android:label
		ADDED from src\main\AndroidManifest.xml:204:53-94
	android:name
		ADDED from src\main\AndroidManifest.xml:204:19-52
activity#com.example.android.apis.app.RedirectMain
ADDED from src\main\AndroidManifest.xml:211:9-212:20
	android:name
		ADDED from src\main\AndroidManifest.xml:211:19-51
activity#com.example.android.apis.app.RedirectGetter
ADDED from src\main\AndroidManifest.xml:214:9-215:20
	android:name
		ADDED from src\main\AndroidManifest.xml:214:19-53
activity#com.example.android.apis.app.CustomTitle
ADDED from src\main\AndroidManifest.xml:219:9-227:20
	android:label
		ADDED from src\main\AndroidManifest.xml:220:17-62
	android:windowSoftInputMode
		ADDED from src\main\AndroidManifest.xml:221:17-69
	android:theme
		ADDED from src\main\AndroidManifest.xml:222:17-53
	android:name
		ADDED from src\main\AndroidManifest.xml:219:19-50
activity#com.example.android.apis.app.ReorderOnLaunch
ADDED from src\main\AndroidManifest.xml:229:9-235:20
	android:label
		ADDED from src\main\AndroidManifest.xml:230:17-57
	android:name
		ADDED from src\main\AndroidManifest.xml:229:19-54
activity#com.example.android.apis.app.ReorderTwo
ADDED from src\main\AndroidManifest.xml:237:9-52
	android:name
		ADDED from src\main\AndroidManifest.xml:237:19-49
activity#com.example.android.apis.app.ReorderThree
ADDED from src\main\AndroidManifest.xml:238:9-54
	android:name
		ADDED from src\main\AndroidManifest.xml:238:19-51
activity#com.example.android.apis.app.ReorderFour
ADDED from src\main\AndroidManifest.xml:239:9-53
	android:name
		ADDED from src\main\AndroidManifest.xml:239:19-50
activity#com.example.android.apis.app.SetWallpaperActivity
ADDED from src\main\AndroidManifest.xml:241:9-247:20
	android:label
		ADDED from src\main\AndroidManifest.xml:242:19-64
	android:name
		ADDED from src\main\AndroidManifest.xml:241:19-59
activity#com.example.android.apis.app.ScreenOrientation
ADDED from src\main\AndroidManifest.xml:249:9-255:20
	android:label
		ADDED from src\main\AndroidManifest.xml:250:19-70
	android:name
		ADDED from src\main\AndroidManifest.xml:249:19-56
activity#com.example.android.apis.app.PresentationActivity
ADDED from src\main\AndroidManifest.xml:257:9-263:20
	android:label
		ADDED from src\main\AndroidManifest.xml:258:17-62
	android:name
		ADDED from src\main\AndroidManifest.xml:257:19-59
activity#com.example.android.apis.app.PresentationWithMediaRouterActivity
ADDED from src\main\AndroidManifest.xml:265:9-271:20
	android:label
		ADDED from src\main\AndroidManifest.xml:266:17-80
	android:name
		ADDED from src\main\AndroidManifest.xml:265:19-74
activity#com.example.android.apis.app.SecureWindowActivity
ADDED from src\main\AndroidManifest.xml:273:9-279:20
	android:label
		ADDED from src\main\AndroidManifest.xml:274:17-63
	android:name
		ADDED from src\main\AndroidManifest.xml:273:19-59
activity#com.example.android.apis.app.SecureDialogActivity
ADDED from src\main\AndroidManifest.xml:281:9-287:20
	android:label
		ADDED from src\main\AndroidManifest.xml:282:17-63
	android:name
		ADDED from src\main\AndroidManifest.xml:281:19-59
activity#com.example.android.apis.app.SecureSurfaceViewActivity
ADDED from src\main\AndroidManifest.xml:289:9-295:20
	android:label
		ADDED from src\main\AndroidManifest.xml:290:17-69
	android:name
		ADDED from src\main\AndroidManifest.xml:289:19-64
activity#com.example.android.apis.app.FragmentAlertDialog
ADDED from src\main\AndroidManifest.xml:299:9-306:20
	android:enabled
		ADDED from src\main\AndroidManifest.xml:301:17-57
	android:label
		ADDED from src\main\AndroidManifest.xml:300:17-62
	android:name
		ADDED from src\main\AndroidManifest.xml:299:19-58
activity#com.example.android.apis.app.FragmentArguments
ADDED from src\main\AndroidManifest.xml:308:9-315:20
	android:enabled
		ADDED from src\main\AndroidManifest.xml:310:17-57
	android:label
		ADDED from src\main\AndroidManifest.xml:309:17-59
	android:name
		ADDED from src\main\AndroidManifest.xml:308:19-56
activity#com.example.android.apis.app.FragmentCustomAnimations
ADDED from src\main\AndroidManifest.xml:317:9-324:20
	android:enabled
		ADDED from src\main\AndroidManifest.xml:319:17-60
	android:label
		ADDED from src\main\AndroidManifest.xml:318:17-67
	android:name
		ADDED from src\main\AndroidManifest.xml:317:19-63
activity#com.example.android.apis.app.FragmentHideShow
ADDED from src\main\AndroidManifest.xml:326:9-334:20
	android:enabled
		ADDED from src\main\AndroidManifest.xml:329:17-57
	android:label
		ADDED from src\main\AndroidManifest.xml:327:17-59
	android:windowSoftInputMode
		ADDED from src\main\AndroidManifest.xml:328:17-61
	android:name
		ADDED from src\main\AndroidManifest.xml:326:19-55
activity#com.example.android.apis.app.FragmentContextMenu
ADDED from src\main\AndroidManifest.xml:336:9-343:20
	android:enabled
		ADDED from src\main\AndroidManifest.xml:338:17-57
	android:label
		ADDED from src\main\AndroidManifest.xml:337:17-62
	android:name
		ADDED from src\main\AndroidManifest.xml:336:19-58
activity#com.example.android.apis.app.FragmentDialog
ADDED from src\main\AndroidManifest.xml:345:9-352:20
	android:enabled
		ADDED from src\main\AndroidManifest.xml:347:17-57
	android:label
		ADDED from src\main\AndroidManifest.xml:346:17-56
	android:name
		ADDED from src\main\AndroidManifest.xml:345:19-53
activity#com.example.android.apis.app.FragmentDialogOrActivity
ADDED from src\main\AndroidManifest.xml:354:9-361:20
	android:enabled
		ADDED from src\main\AndroidManifest.xml:356:17-57
	android:label
		ADDED from src\main\AndroidManifest.xml:355:17-68
	android:name
		ADDED from src\main\AndroidManifest.xml:354:19-63
activity#com.example.android.apis.app.FragmentLayout
ADDED from src\main\AndroidManifest.xml:363:9-370:20
	android:enabled
		ADDED from src\main\AndroidManifest.xml:365:17-57
	android:label
		ADDED from src\main\AndroidManifest.xml:364:17-56
	android:name
		ADDED from src\main\AndroidManifest.xml:363:19-53
activity#com.example.android.apis.app.FragmentLayout$DetailsActivity
ADDED from src\main\AndroidManifest.xml:372:9-373:60
	android:enabled
		ADDED from src\main\AndroidManifest.xml:373:17-57
	android:name
		ADDED from src\main\AndroidManifest.xml:372:19-69
activity#com.example.android.apis.app.FragmentListArray
ADDED from src\main\AndroidManifest.xml:375:9-382:20
	android:enabled
		ADDED from src\main\AndroidManifest.xml:377:17-57
	android:label
		ADDED from src\main\AndroidManifest.xml:376:17-60
	android:name
		ADDED from src\main\AndroidManifest.xml:375:19-56
activity#com.example.android.apis.app.FragmentMenu
ADDED from src\main\AndroidManifest.xml:384:9-391:20
	android:enabled
		ADDED from src\main\AndroidManifest.xml:386:17-57
	android:label
		ADDED from src\main\AndroidManifest.xml:385:17-54
	android:name
		ADDED from src\main\AndroidManifest.xml:384:19-51
activity#com.example.android.apis.app.FragmentNestingTabs
ADDED from src\main\AndroidManifest.xml:393:9-400:20
	android:enabled
		ADDED from src\main\AndroidManifest.xml:395:17-60
	android:label
		ADDED from src\main\AndroidManifest.xml:394:17-62
	android:name
		ADDED from src\main\AndroidManifest.xml:393:19-58
activity#com.example.android.apis.app.FragmentRetainInstance
ADDED from src\main\AndroidManifest.xml:402:9-409:20
	android:enabled
		ADDED from src\main\AndroidManifest.xml:404:17-57
	android:label
		ADDED from src\main\AndroidManifest.xml:403:17-65
	android:name
		ADDED from src\main\AndroidManifest.xml:402:19-61
activity#com.example.android.apis.app.FragmentReceiveResult
ADDED from src\main\AndroidManifest.xml:411:9-418:20
	android:enabled
		ADDED from src\main\AndroidManifest.xml:413:17-57
	android:label
		ADDED from src\main\AndroidManifest.xml:412:17-64
	android:name
		ADDED from src\main\AndroidManifest.xml:411:19-60
activity#com.example.android.apis.app.FragmentStack
ADDED from src\main\AndroidManifest.xml:420:9-427:20
	android:enabled
		ADDED from src\main\AndroidManifest.xml:422:17-57
	android:label
		ADDED from src\main\AndroidManifest.xml:421:17-55
	android:name
		ADDED from src\main\AndroidManifest.xml:420:19-52
activity#com.example.android.apis.app.FragmentTabs
ADDED from src\main\AndroidManifest.xml:429:9-436:20
	android:enabled
		ADDED from src\main\AndroidManifest.xml:431:17-57
	android:label
		ADDED from src\main\AndroidManifest.xml:430:17-54
	android:name
		ADDED from src\main\AndroidManifest.xml:429:19-51
activity#com.example.android.apis.app.LoaderCursor
ADDED from src\main\AndroidManifest.xml:440:9-447:20
	android:enabled
		ADDED from src\main\AndroidManifest.xml:442:17-57
	android:label
		ADDED from src\main\AndroidManifest.xml:441:17-54
	android:name
		ADDED from src\main\AndroidManifest.xml:440:19-51
activity#com.example.android.apis.app.LoaderCustom
ADDED from src\main\AndroidManifest.xml:449:9-456:20
	android:enabled
		ADDED from src\main\AndroidManifest.xml:451:17-57
	android:label
		ADDED from src\main\AndroidManifest.xml:450:17-54
	android:name
		ADDED from src\main\AndroidManifest.xml:449:19-51
activity#com.example.android.apis.app.LoaderThrottle
ADDED from src\main\AndroidManifest.xml:459:9-466:20
	android:enabled
		ADDED from src\main\AndroidManifest.xml:461:17-57
	android:label
		ADDED from src\main\AndroidManifest.xml:460:17-56
	android:name
		ADDED from src\main\AndroidManifest.xml:459:19-53
provider#com.example.android.apis.app.LoaderThrottle$SimpleProvider
ADDED from src\main\AndroidManifest.xml:467:9-469:62
	android:enabled
		ADDED from src\main\AndroidManifest.xml:469:19-59
	android:authorities
		ADDED from src\main\AndroidManifest.xml:468:19-84
	android:name
		ADDED from src\main\AndroidManifest.xml:467:19-68
activity#com.example.android.apis.app.LoaderRetained
ADDED from src\main\AndroidManifest.xml:472:9-479:20
	android:enabled
		ADDED from src\main\AndroidManifest.xml:474:17-57
	android:label
		ADDED from src\main\AndroidManifest.xml:473:17-56
	android:name
		ADDED from src\main\AndroidManifest.xml:472:19-53
activity#com.example.android.apis.app.Intents
ADDED from src\main\AndroidManifest.xml:483:9-488:20
	android:label
		ADDED from src\main\AndroidManifest.xml:483:47-87
	android:name
		ADDED from src\main\AndroidManifest.xml:483:19-46
activity#com.example.android.apis.app.IntentActivityFlags
ADDED from src\main\AndroidManifest.xml:490:9-496:20
	android:label
		ADDED from src\main\AndroidManifest.xml:491:17-71
	android:name
		ADDED from src\main\AndroidManifest.xml:490:19-58
service#com.example.android.apis.app.LocalService
ADDED from src\main\AndroidManifest.xml:500:9-81
	android:stopWithTask
		ADDED from src\main\AndroidManifest.xml:500:51-78
	android:name
		ADDED from src\main\AndroidManifest.xml:500:18-50
activity#com.example.android.apis.app.LocalServiceActivities$Controller
ADDED from src\main\AndroidManifest.xml:502:9-509:20
	android:label
		ADDED from src\main\AndroidManifest.xml:503:17-74
	android:launchMode
		ADDED from src\main\AndroidManifest.xml:504:17-47
	android:name
		ADDED from src\main\AndroidManifest.xml:502:19-72
activity#com.example.android.apis.app.LocalServiceActivities$Binding
ADDED from src\main\AndroidManifest.xml:511:9-517:20
	android:label
		ADDED from src\main\AndroidManifest.xml:512:17-71
	android:name
		ADDED from src\main\AndroidManifest.xml:511:19-69
service#com.example.android.apis.app.MessengerService
ADDED from src\main\AndroidManifest.xml:520:9-521:45
	android:process
		ADDED from src\main\AndroidManifest.xml:521:17-42
	android:name
		ADDED from src\main\AndroidManifest.xml:520:18-54
activity#com.example.android.apis.app.MessengerServiceActivities$Binding
ADDED from src\main\AndroidManifest.xml:524:9-530:20
	android:label
		ADDED from src\main\AndroidManifest.xml:525:17-75
	android:name
		ADDED from src\main\AndroidManifest.xml:524:19-73
service#com.example.android.apis.app.RemoteService
ADDED from src\main\AndroidManifest.xml:532:9-542:19
	android:process
		ADDED from src\main\AndroidManifest.xml:532:52-77
	android:name
		ADDED from src\main\AndroidManifest.xml:532:18-51
intent-filter#action:name:com.example.android.apis.app.IRemoteService+action:name:com.example.android.apis.app.ISecondary+action:name:com.example.android.apis.app.REMOTE_SERVICE
ADDED from src\main\AndroidManifest.xml:533:13-541:29
action#com.example.android.apis.app.IRemoteService
ADDED from src\main\AndroidManifest.xml:536:17-86
	android:name
		ADDED from src\main\AndroidManifest.xml:536:25-83
action#com.example.android.apis.app.ISecondary
ADDED from src\main\AndroidManifest.xml:537:17-82
	android:name
		ADDED from src\main\AndroidManifest.xml:537:25-79
action#com.example.android.apis.app.REMOTE_SERVICE
ADDED from src\main\AndroidManifest.xml:540:17-86
	android:name
		ADDED from src\main\AndroidManifest.xml:540:25-83
activity#com.example.android.apis.app.RemoteService$Controller
ADDED from src\main\AndroidManifest.xml:544:9-551:20
	android:label
		ADDED from src\main\AndroidManifest.xml:545:17-75
	android:launchMode
		ADDED from src\main\AndroidManifest.xml:546:17-47
	android:name
		ADDED from src\main\AndroidManifest.xml:544:19-63
activity#com.example.android.apis.app.RemoteService$Binding
ADDED from src\main\AndroidManifest.xml:553:9-559:20
	android:label
		ADDED from src\main\AndroidManifest.xml:554:17-72
	android:name
		ADDED from src\main\AndroidManifest.xml:553:19-60
activity#com.example.android.apis.app.RemoteService$BindingOptions
ADDED from src\main\AndroidManifest.xml:561:9-567:20
	android:label
		ADDED from src\main\AndroidManifest.xml:562:17-80
	android:name
		ADDED from src\main\AndroidManifest.xml:561:19-67
service#com.example.android.apis.app.ServiceStartArguments
ADDED from src\main\AndroidManifest.xml:569:9-62
	android:name
		ADDED from src\main\AndroidManifest.xml:569:18-59
activity#com.example.android.apis.app.ServiceStartArguments$Controller
ADDED from src\main\AndroidManifest.xml:571:9-578:20
	android:label
		ADDED from src\main\AndroidManifest.xml:572:17-84
	android:launchMode
		ADDED from src\main\AndroidManifest.xml:573:17-47
	android:name
		ADDED from src\main\AndroidManifest.xml:571:19-71
service#com.example.android.apis.app.ForegroundService
ADDED from src\main\AndroidManifest.xml:580:9-58
	android:name
		ADDED from src\main\AndroidManifest.xml:580:18-55
activity#com.example.android.apis.app.ForegroundService$Controller
ADDED from src\main\AndroidManifest.xml:582:9-589:20
	android:label
		ADDED from src\main\AndroidManifest.xml:583:17-79
	android:launchMode
		ADDED from src\main\AndroidManifest.xml:584:17-47
	android:name
		ADDED from src\main\AndroidManifest.xml:582:19-67
activity#com.example.android.apis.app.IsolatedService$Controller
ADDED from src\main\AndroidManifest.xml:591:9-599:20
	android:enabled
		ADDED from src\main\AndroidManifest.xml:594:17-57
	android:label
		ADDED from src\main\AndroidManifest.xml:592:17-77
	android:launchMode
		ADDED from src\main\AndroidManifest.xml:593:17-47
	android:name
		ADDED from src\main\AndroidManifest.xml:591:19-65
service#com.example.android.apis.app.IsolatedService
ADDED from src\main\AndroidManifest.xml:601:9-602:60
	android:enabled
		ADDED from src\main\AndroidManifest.xml:602:17-57
	android:isolatedProcess
		ADDED from src\main\AndroidManifest.xml:601:54-84
	android:name
		ADDED from src\main\AndroidManifest.xml:601:18-53
service#com.example.android.apis.app.IsolatedService2
ADDED from src\main\AndroidManifest.xml:603:9-604:60
	android:enabled
		ADDED from src\main\AndroidManifest.xml:604:17-57
	android:isolatedProcess
		ADDED from src\main\AndroidManifest.xml:603:55-85
	android:name
		ADDED from src\main\AndroidManifest.xml:603:18-54
receiver#com.example.android.apis.app.OneShotAlarm
ADDED from src\main\AndroidManifest.xml:608:9-80
	android:process
		ADDED from src\main\AndroidManifest.xml:608:52-77
	android:name
		ADDED from src\main\AndroidManifest.xml:608:19-51
receiver#com.example.android.apis.app.RepeatingAlarm
ADDED from src\main\AndroidManifest.xml:610:9-82
	android:process
		ADDED from src\main\AndroidManifest.xml:610:54-79
	android:name
		ADDED from src\main\AndroidManifest.xml:610:19-53
activity#com.example.android.apis.app.AlarmController
ADDED from src\main\AndroidManifest.xml:612:9-617:20
	android:label
		ADDED from src\main\AndroidManifest.xml:612:55-104
	android:name
		ADDED from src\main\AndroidManifest.xml:612:19-54
service#com.example.android.apis.app.AlarmService_Service
ADDED from src\main\AndroidManifest.xml:619:9-87
	android:process
		ADDED from src\main\AndroidManifest.xml:619:59-84
	android:name
		ADDED from src\main\AndroidManifest.xml:619:18-58
activity#com.example.android.apis.app.AlarmService
ADDED from src\main\AndroidManifest.xml:621:9-626:20
	android:label
		ADDED from src\main\AndroidManifest.xml:621:52-98
	android:name
		ADDED from src\main\AndroidManifest.xml:621:19-51
activity#com.example.android.apis.accessibility.ClockBackActivity
ADDED from src\main\AndroidManifest.xml:632:9-638:20
	android:label
		ADDED from src\main\AndroidManifest.xml:633:13-58
	android:name
		ADDED from src\main\AndroidManifest.xml:632:19-66
service#com.example.android.apis.accessibility.ClockBackService
ADDED from src\main\AndroidManifest.xml:640:9-646:19
	android:label
		ADDED from src\main\AndroidManifest.xml:641:13-64
	android:permission
		ADDED from src\main\AndroidManifest.xml:642:13-79
	android:name
		ADDED from src\main\AndroidManifest.xml:640:18-64
intent-filter#action:name:android.accessibilityservice.AccessibilityService
ADDED from src\main\AndroidManifest.xml:643:13-645:29
action#android.accessibilityservice.AccessibilityService
ADDED from src\main\AndroidManifest.xml:644:17-92
	android:name
		ADDED from src\main\AndroidManifest.xml:644:25-89
activity#com.example.android.apis.accessibility.TaskListActivity
ADDED from src\main\AndroidManifest.xml:648:9-655:20
	android:enabled
		ADDED from src\main\AndroidManifest.xml:650:19-66
	android:label
		ADDED from src\main\AndroidManifest.xml:649:19-69
	android:name
		ADDED from src\main\AndroidManifest.xml:648:19-65
service#com.example.android.apis.accessibility.TaskBackService
ADDED from src\main\AndroidManifest.xml:657:9-667:19
	android:enabled
		ADDED from src\main\AndroidManifest.xml:659:18-65
	android:label
		ADDED from src\main\AndroidManifest.xml:658:18-74
	android:permission
		ADDED from src\main\AndroidManifest.xml:660:18-84
	android:name
		ADDED from src\main\AndroidManifest.xml:657:18-63
meta-data#android.accessibilityservice
ADDED from src\main\AndroidManifest.xml:664:13-666:58
	android:resource
		ADDED from src\main\AndroidManifest.xml:666:17-55
	android:name
		ADDED from src\main\AndroidManifest.xml:665:17-60
activity#com.example.android.apis.accessibility.CustomViewAccessibilityActivity
ADDED from src\main\AndroidManifest.xml:669:9-676:20
	android:enabled
		ADDED from src\main\AndroidManifest.xml:671:19-66
	android:label
		ADDED from src\main\AndroidManifest.xml:670:19-68
	android:name
		ADDED from src\main\AndroidManifest.xml:669:19-80
activity#com.example.android.apis.app.LocalSample
ADDED from src\main\AndroidManifest.xml:680:9-685:20
	android:label
		ADDED from src\main\AndroidManifest.xml:680:51-96
	android:name
		ADDED from src\main\AndroidManifest.xml:680:19-50
intent-filter#action:name:android.intent.action.MAIN
ADDED from src\main\AndroidManifest.xml:681:13-684:29
activity#com.example.android.apis.app.ContactsFilter
ADDED from src\main\AndroidManifest.xml:687:9-692:20
	android:label
		ADDED from src\main\AndroidManifest.xml:687:54-102
	android:name
		ADDED from src\main\AndroidManifest.xml:687:19-53
activity#com.example.android.apis.app.NotifyWithText
ADDED from src\main\AndroidManifest.xml:697:9-702:20
	android:label
		ADDED from src\main\AndroidManifest.xml:697:54-101
	android:name
		ADDED from src\main\AndroidManifest.xml:697:19-53
activity#com.example.android.apis.app.IncomingMessage
ADDED from src\main\AndroidManifest.xml:704:9-710:20
	android:label
		ADDED from src\main\AndroidManifest.xml:705:17-65
	android:name
		ADDED from src\main\AndroidManifest.xml:704:19-54
activity#com.example.android.apis.app.IncomingMessageView
ADDED from src\main\AndroidManifest.xml:712:9-714:20
	android:label
		ADDED from src\main\AndroidManifest.xml:713:17-69